<?xml version="1.0" encoding="UTF-8"?>
<!-- Generated by org.testng.reporters.JUnitXMLReporter -->
<testsuite ignored="2" hostname="LAPTOP-3RVOSM2P" failures="0" tests="2" name="Test1" time="0.311" errors="0" timestamp="2023-01-15T16:49:17 IST">
  <testcase classname="demo.TestNGGroupsDemo" name="test1" time="0.047"/>
  <testcase classname="demo.TestNGGroupsDemo" name="test2" time="0.004"/>
  <testcase classname="demo.TestNGGroupsDemo" name="test4" time="0.0">
    <ignored/>
  </testcase> <!-- test4 -->
  <testcase classname="demo.TestNGGroupsDemo" name="test3" time="0.0">
    <ignored/>
  </testcase> <!-- test3 -->
</testsuite> <!-- Test1 -->
