<?xml version="1.0" encoding="UTF-8"?>
<!-- Generated by org.testng.reporters.JUnitXMLReporter -->
<testsuite ignored="1" hostname="LAPTOP-3RVOSM2P" failures="0" tests="2" name="Default test(failed)" time="0.939" errors="0" timestamp="2023-01-16T18:01:41 IST">
  <testcase classname="demo.TestNGRetryFailedDemo" name="test3" time="0.097"/>
  <testcase classname="demo.TestNGRetryFailedDemo" name="test2" time="0.018"/>
  <testcase classname="demo.TestNGRetryFailedDemo" name="test1" time="0.0">
    <ignored/>
  </testcase> <!-- test1 -->
</testsuite> <!-- Default test(failed) -->
